<?xml version="1.0" encoding="UTF-8"?>
<testsuite xmlns:xsi="http://www.w3.org/2001/XMLSchema-instance" xsi:noNamespaceSchemaLocation="https://maven.apache.org/surefire/maven-surefire-plugin/xsd/surefire-test-report-3.0.xsd" version="3.0" name="com.gmail.dzhaparov.homework31_1.LibraryTest" time="2.599" tests="5" errors="0" skipped="0" failures="0">
  <properties>
[...]
</properties>
  <testcase name="addLibraryToDatabase" classname="com.gmail.dzhaparov.homework31_1.LibraryTest" time="0.078">
    <system-out><![CDATA[2025-02-11 09:07:32 [main] WARN  org.hibernate.orm.connections.pooling - HHH10001002: Using built-in connection pool (not intended for production use)
2025-02-11 09:07:32 [main] WARN  org.hibernate.orm.deprecation - HHH90000025: PostgreSQLDialect does not need to be specified explicitly using 'hibernate.dialect' (remove the property setting and it will be selected by default)
Hibernate: insert into library (address,name) values (?,?) returning id
Hibernate: insert into book (author,isbn,library_id,title) values (?,?,?,?) returning id
]]></system-out>
  </testcase>
  <testcase name="addNullLibraryToDatabase" classname="com.gmail.dzhaparov.homework31_1.LibraryTest" time="0.002"/>
  <testcase name="testFindAll" classname="com.gmail.dzhaparov.homework31_1.LibraryTest" time="0.261">
    <system-out><![CDATA[Hibernate: select l1_0.id,l1_0.address,l1_0.name from library l1_0
Hibernate: select b1_0.library_id,b1_0.id,b1_0.author,b1_0.isbn,b1_0.title from book b1_0 where b1_0.library_id=?
]]></system-out>
  </testcase>
  <testcase name="testUpdate" classname="com.gmail.dzhaparov.homework31_1.LibraryTest" time="0.06">
    <system-out><![CDATA[Hibernate: select l1_0.id,l1_0.address,l1_0.name from library l1_0 where l1_0.name=?
Hibernate: select b1_0.library_id,b1_0.id,b1_0.author,b1_0.isbn,b1_0.title from book b1_0 where b1_0.library_id=?
Hibernate: select l1_0.id,l1_0.address,l1_0.name,b1_0.library_id,b1_0.id,b1_0.author,b1_0.isbn,b1_0.title from library l1_0 left join book b1_0 on l1_0.id=b1_0.library_id where l1_0.id=?
Hibernate: update library set address=?,name=? where id=?
Hibernate: select l1_0.id,l1_0.address,l1_0.name from library l1_0 where l1_0.name=?
Hibernate: select b1_0.library_id,b1_0.id,b1_0.author,b1_0.isbn,b1_0.title from book b1_0 where b1_0.library_id=?
]]></system-out>
  </testcase>
  <testcase name="testDeleteById" classname="com.gmail.dzhaparov.homework31_1.LibraryTest" time="0.01">
    <system-out><![CDATA[Hibernate: select l1_0.id,l1_0.address,l1_0.name from library l1_0 where l1_0.name=?
Hibernate: select b1_0.library_id,b1_0.id,b1_0.author,b1_0.isbn,b1_0.title from book b1_0 where b1_0.library_id=?
Hibernate: select l1_0.id,l1_0.address,l1_0.name,b1_0.library_id,b1_0.id,b1_0.author,b1_0.isbn,b1_0.title from library l1_0 left join book b1_0 on l1_0.id=b1_0.library_id where l1_0.id=?
Hibernate: delete from book where id=?
Hibernate: delete from library where id=?
Hibernate: select l1_0.id,l1_0.address,l1_0.name,b1_0.library_id,b1_0.id,b1_0.author,b1_0.isbn,b1_0.title from library l1_0 left join book b1_0 on l1_0.id=b1_0.library_id where l1_0.id=?
]]></system-out>
  </testcase>
</testsuite>